<?xml version="1.0" encoding="UTF-8"?>
<!-- Generated by org.testng.reporters.JUnitReportReporter -->
<testsuite hostname="Dell-5577-Sidhu" failures="0" tests="5" name="test_layer.Login_Test" time="12.348" errors="0" timestamp="2023-10-14T20:34:49 EDT" skipped="0">
  <testcase classname="test_layer.Login_Test" name="Sign_in_TC1_blank_email_address" time="1.751"/>
  <testcase classname="test_layer.Login_Test" name="Sign_in_TC2_invalid_email_address" time="1.705"/>
  <testcase classname="test_layer.Login_Test" name="Sign_in_TC3_valid_email_address" time="2.403"/>
  <testcase classname="test_layer.Login_Test" name="Sign_in_TC4_blank_password" time="2.875"/>
  <testcase classname="test_layer.Login_Test" name="Sign_in_TC5_incorrect_password" time="3.614"/>
</testsuite> <!-- test_layer.Login_Test -->
