<?xml version="1.0" encoding="UTF-8"?>
<!-- Generated by org.testng.reporters.JUnitReportReporter -->
<testsuite hostname="Dell-5577-Sidhu" failures="0" tests="1" name="test_layer.Addresses_Test" time="7.594" errors="0" timestamp="2023-10-20T23:02:41 EDT" skipped="0">
  <testcase classname="test_layer.Addresses_Test" name="Address_TC23_add_address_without_make_default" time="7.594"/>
</testsuite> <!-- test_layer.Addresses_Test -->
