<?xml version="1.0" encoding="UTF-8"?>
<!-- Generated by org.testng.reporters.JUnitReportReporter -->
<testsuite hostname="Dell-5577-Sidhu" failures="0" tests="6" name="test_layer.ShoppingCart_Test" time="464.894" errors="0" timestamp="2023-10-23T13:07:31 EDT" skipped="0">
  <testcase classname="test_layer.ShoppingCart_Test" name="Shopping_Cart_TC1_Add_item_to_cart_AND_TC7_Click_on_item_in_cart" time="62.000"/>
  <testcase classname="test_layer.ShoppingCart_Test" name="Shopping_Cart_TC2_increase_quantity" time="68.918"/>
  <testcase classname="test_layer.ShoppingCart_Test" name="Shopping_Cart_TC3_add_same_item_multiple_times" time="60.865"/>
  <testcase classname="test_layer.ShoppingCart_Test" name="Shopping_Cart_TC4_add_diiferent_type_multiple_times" time="82.964"/>
  <testcase classname="test_layer.ShoppingCart_Test" name="Shopping_Cart_TC5_remove_some_items" time="87.955"/>
  <testcase classname="test_layer.ShoppingCart_Test" name="Shopping_Cart_TC6_remove_all_items" time="102.192"/>
</testsuite> <!-- test_layer.ShoppingCart_Test -->
