<?xml version="1.0" encoding="UTF-8"?>
<!-- Generated by org.testng.reporters.JUnitReportReporter -->
<testsuite hostname="Dell-5577-Sidhu" failures="0" tests="4" name="test_layer.Orders_Test" time="9.094" errors="0" timestamp="2023-10-18T23:30:19 EDT" skipped="0">
  <testcase classname="test_layer.Orders_Test" name="Orders_TC1_Click_Your_Orders" time="2.120"/>
  <testcase classname="test_layer.Orders_Test" name="Orders_TC2_Click_Buy_Again" time="2.634"/>
  <testcase classname="test_layer.Orders_Test" name="Orders_TC3_Click_Not_Yet_Shipped" time="2.249"/>
  <testcase classname="test_layer.Orders_Test" name="Orders_TC4_Click_Cancelled_Orders" time="2.091"/>
</testsuite> <!-- test_layer.Orders_Test -->
