<?xml version="1.0" encoding="UTF-8"?>
<!-- Generated by org.testng.reporters.JUnitReportReporter -->
<testsuite hostname="Dell-5577-Sidhu" failures="0" tests="1" name="test_layer.ShoppingCart_Test" time="58.115" errors="0" timestamp="2023-10-18T18:18:37 EDT" skipped="0">
  <testcase classname="test_layer.ShoppingCart_Test" name="Shopping_Cart_TC2_increase_quantity" time="58.115"/>
</testsuite> <!-- test_layer.ShoppingCart_Test -->
